%(levelname)-8s2022-01-05 09:52:24,106 C:\Users\hzxy\PycharmProjects\py_auto_demo\logs\info.log:run.py:19 
                             _    _         _      _____         _
              __ _ _ __ (_)  / \  _   _| |_ __|_   _|__  ___| |_
             / _` | '_ \| | / _ \| | | | __/ _ \| |/ _ \/ __| __|
            | (_| | |_) | |/ ___ \ |_| | || (_) | |  __/\__ \ |_
             \__,_| .__/|_/_/   \_\__,_|\__\___/|_|\___||___/\__|
                  |_|
                  开始执行余少琪的框架项目...
                
%(levelname)-8s2022-01-05 09:55:05,013 C:\Users\hzxy\PycharmProjects\py_auto_demo\logs\info.log:logControl.py:70 测试
%(levelname)-8s2022-01-05 09:58:54,921 C:\Users\hzxy\PycharmProjects\py_auto_demo\logs\info.log:conftest.py:91 执行用例总数: 1
%(levelname)-8s2022-01-05 09:58:54,922 C:\Users\hzxy\PycharmProjects\py_auto_demo\logs\info.log:conftest.py:92 执行通过用例数:0
%(levelname)-8s2022-01-05 09:58:54,935 C:\Users\hzxy\PycharmProjects\py_auto_demo\logs\info.log:conftest.py:96 执行异常用例数:0
%(levelname)-8s2022-01-05 09:58:54,936 C:\Users\hzxy\PycharmProjects\py_auto_demo\logs\info.log:conftest.py:98 执行跳过用例数:0
%(levelname)-8s2022-01-05 09:58:54,936 C:\Users\hzxy\PycharmProjects\py_auto_demo\logs\info.log:conftest.py:100 执行成功率: 成功率：0.00%
%(levelname)-8s2022-01-05 10:00:12,722 C:\Users\hzxy\PycharmProjects\py_auto_demo\logs\info.log:logDecorator.py:25 
=================================================================================
测试标题: 测试接口
请求方式: POST
请求头:   {'Content-Type': 'application/json;charset=UTF-8'}
请求路径: https://redisdatarecall.csdn.net/recommend/get_head_word
请求内容: {'requestType': 'params', 'bid': 'blog-121903028'}
接口响应内容: {'status': 200, 'msg': '查询成功', 'content': ['pytest', 'gitee', 'yaml', 'api', 'jenkins', 'sdn'], 'error': False}
数据库断言数据: {'sql': None}
函数名称: _DoRequest
=================================================================================
%(levelname)-8s2022-01-05 10:00:39,554 C:\Users\hzxy\PycharmProjects\py_auto_demo\logs\info.log:run.py:19 
                             _    _         _      _____         _
              __ _ _ __ (_)  / \  _   _| |_ __|_   _|__  ___| |_
             / _` | '_ \| | / _ \| | | | __/ _ \| |/ _ \/ __| __|
            | (_| | |_) | |/ ___ \ |_| | || (_) | |  __/\__ \ |_
             \__,_| .__/|_/_/   \_\__,_|\__\___/|_|\___||___/\__|
                  |_|
                  开始执行余少琪的框架项目...
                
%(levelname)-8s2022-01-05 10:00:40,529 C:\Users\hzxy\PycharmProjects\py_auto_demo\logs\info.log:logDecorator.py:25 
=================================================================================
测试标题: 测试接口
请求方式: POST
请求头:   {'Content-Type': 'application/json;charset=UTF-8'}
请求路径: https://redisdatarecall.csdn.net/recommend/get_head_word
请求内容: {'requestType': 'params', 'bid': 'blog-121903028'}
接口响应内容: {'status': 200, 'msg': '查询成功', 'content': ['pytest', 'gitee', 'yaml', 'api', 'jenkins', 'sdn'], 'error': False}
数据库断言数据: {'sql': None}
函数名称: _DoRequest
=================================================================================
%(levelname)-8s2022-01-05 10:00:40,529 C:\Users\hzxy\PycharmProjects\py_auto_demo\logs\info.log:assertControl.py:67 断言成功, 预期值:200, 断言类型==, 实际值200
%(levelname)-8s2022-01-05 10:00:40,538 C:\Users\hzxy\PycharmProjects\py_auto_demo\logs\info.log:conftest.py:91 执行用例总数: 1
%(levelname)-8s2022-01-05 10:00:40,538 C:\Users\hzxy\PycharmProjects\py_auto_demo\logs\info.log:conftest.py:92 执行通过用例数:1
%(levelname)-8s2022-01-05 10:00:40,539 C:\Users\hzxy\PycharmProjects\py_auto_demo\logs\info.log:conftest.py:96 执行异常用例数:0
%(levelname)-8s2022-01-05 10:00:40,539 C:\Users\hzxy\PycharmProjects\py_auto_demo\logs\info.log:conftest.py:98 执行跳过用例数:0
%(levelname)-8s2022-01-05 10:00:40,539 C:\Users\hzxy\PycharmProjects\py_auto_demo\logs\info.log:conftest.py:100 执行成功率: 成功率：100.00%
%(levelname)-8s2022-01-05 11:40:47,306 C:\Users\hzxy\PycharmProjects\py_auto_demo\logs\info.log:run.py:19 
                             _    _         _      _____         _
              __ _ _ __ (_)  / \  _   _| |_ __|_   _|__  ___| |_
             / _` | '_ \| | / _ \| | | | __/ _ \| |/ _ \/ __| __|
            | (_| | |_) | |/ ___ \ |_| | || (_) | |  __/\__ \ |_
             \__,_| .__/|_/_/   \_\__,_|\__\___/|_|\___||___/\__|
                  |_|
                  开始执行余少琪的框架项目...
                
%(levelname)-8s2022-01-05 11:40:47,912 C:\Users\hzxy\PycharmProjects\py_auto_demo\logs\info.log:conftest.py:91 执行用例总数: 2
%(levelname)-8s2022-01-05 11:40:47,913 C:\Users\hzxy\PycharmProjects\py_auto_demo\logs\info.log:conftest.py:92 执行通过用例数:0
%(levelname)-8s2022-01-05 11:40:47,913 C:\Users\hzxy\PycharmProjects\py_auto_demo\logs\info.log:conftest.py:96 执行异常用例数:1
%(levelname)-8s2022-01-05 11:40:47,913 C:\Users\hzxy\PycharmProjects\py_auto_demo\logs\info.log:conftest.py:98 执行跳过用例数:0
%(levelname)-8s2022-01-05 11:40:47,913 C:\Users\hzxy\PycharmProjects\py_auto_demo\logs\info.log:conftest.py:100 执行成功率: 成功率：0.00%
%(levelname)-8s2022-01-05 11:41:28,729 C:\Users\hzxy\PycharmProjects\py_auto_demo\logs\info.log:logDecorator.py:25 
=================================================================================
测试标题: 测试接口
请求方式: POST
请求头:   {'Content-Type': 'application/json;charset=UTF-8'}
请求路径: https://redisdatarecall.csdn.net/recommend/get_head_word
请求内容: {'requestType': 'params', 'bid': 'blog-121903028'}
接口响应内容: {'status': 200, 'msg': '查询成功', 'content': ['pytest', 'gitee', 'yaml', 'api', 'jenkins', 'sdn'], 'error': False}
数据库断言数据: {'sql': None}
函数名称: _DoRequest
=================================================================================
%(levelname)-8s2022-01-05 11:41:28,730 C:\Users\hzxy\PycharmProjects\py_auto_demo\logs\info.log:assertControl.py:67 断言成功, 预期值:200, 断言类型==, 实际值200
%(levelname)-8s2022-01-05 11:41:28,733 C:\Users\hzxy\PycharmProjects\py_auto_demo\logs\info.log:conftest.py:91 执行用例总数: 2
%(levelname)-8s2022-01-05 11:41:28,733 C:\Users\hzxy\PycharmProjects\py_auto_demo\logs\info.log:conftest.py:92 执行通过用例数:1
%(levelname)-8s2022-01-05 11:41:28,734 C:\Users\hzxy\PycharmProjects\py_auto_demo\logs\info.log:conftest.py:96 执行异常用例数:1
%(levelname)-8s2022-01-05 11:41:28,734 C:\Users\hzxy\PycharmProjects\py_auto_demo\logs\info.log:conftest.py:98 执行跳过用例数:0
%(levelname)-8s2022-01-05 11:41:28,734 C:\Users\hzxy\PycharmProjects\py_auto_demo\logs\info.log:conftest.py:100 执行成功率: 成功率：50.00%
%(levelname)-8s2022-01-05 11:41:32,670 C:\Users\hzxy\PycharmProjects\py_auto_demo\logs\info.log:run.py:19 
                             _    _         _      _____         _
              __ _ _ __ (_)  / \  _   _| |_ __|_   _|__  ___| |_
             / _` | '_ \| | / _ \| | | | __/ _ \| |/ _ \/ __| __|
            | (_| | |_) | |/ ___ \ |_| | || (_) | |  __/\__ \ |_
             \__,_| .__/|_/_/   \_\__,_|\__\___/|_|\___||___/\__|
                  |_|
                  开始执行余少琪的框架项目...
                
%(levelname)-8s2022-01-05 11:41:33,589 C:\Users\hzxy\PycharmProjects\py_auto_demo\logs\info.log:logDecorator.py:25 
=================================================================================
测试标题: 测试接口
请求方式: POST
请求头:   {'Content-Type': 'application/json;charset=UTF-8'}
请求路径: https://redisdatarecall.csdn.net/recommend/get_head_word
请求内容: {'requestType': 'params', 'bid': 'blog-121903028'}
接口响应内容: {'status': 200, 'msg': '查询成功', 'content': ['pytest', 'gitee', 'yaml', 'api', 'jenkins', 'sdn'], 'error': False}
数据库断言数据: {'sql': None}
函数名称: _DoRequest
=================================================================================
%(levelname)-8s2022-01-05 11:41:33,590 C:\Users\hzxy\PycharmProjects\py_auto_demo\logs\info.log:assertControl.py:67 断言成功, 预期值:200, 断言类型==, 实际值200
%(levelname)-8s2022-01-05 11:41:33,608 C:\Users\hzxy\PycharmProjects\py_auto_demo\logs\info.log:conftest.py:91 执行用例总数: 2
%(levelname)-8s2022-01-05 11:41:33,608 C:\Users\hzxy\PycharmProjects\py_auto_demo\logs\info.log:conftest.py:92 执行通过用例数:1
%(levelname)-8s2022-01-05 11:41:33,608 C:\Users\hzxy\PycharmProjects\py_auto_demo\logs\info.log:conftest.py:96 执行异常用例数:1
%(levelname)-8s2022-01-05 11:41:33,609 C:\Users\hzxy\PycharmProjects\py_auto_demo\logs\info.log:conftest.py:98 执行跳过用例数:0
%(levelname)-8s2022-01-05 11:41:33,609 C:\Users\hzxy\PycharmProjects\py_auto_demo\logs\info.log:conftest.py:100 执行成功率: 成功率：50.00%
%(levelname)-8s2022-01-05 11:42:21,142 C:\Users\hzxy\PycharmProjects\py_auto_demo\logs\info.log:logDecorator.py:25 
=================================================================================
测试标题: 测试接口
请求方式: POST
请求头:   {'Content-Type': 'application/json;charset=UTF-8'}
请求路径: https://redisdatarecall.csdn.net/recommend/get_head_word
请求内容: {'requestType': 'params', 'bid': 'blog-121903028'}
接口响应内容: {'status': 200, 'msg': '查询成功', 'content': ['pytest', 'gitee', 'yaml', 'api', 'jenkins', 'sdn'], 'error': False}
数据库断言数据: {'sql': None}
函数名称: _DoRequest
=================================================================================
%(levelname)-8s2022-01-05 11:42:21,143 C:\Users\hzxy\PycharmProjects\py_auto_demo\logs\info.log:assertControl.py:67 断言成功, 预期值:200, 断言类型==, 实际值200
%(levelname)-8s2022-01-05 11:42:21,146 C:\Users\hzxy\PycharmProjects\py_auto_demo\logs\info.log:conftest.py:91 执行用例总数: 2
%(levelname)-8s2022-01-05 11:42:21,146 C:\Users\hzxy\PycharmProjects\py_auto_demo\logs\info.log:conftest.py:92 执行通过用例数:1
%(levelname)-8s2022-01-05 11:42:21,147 C:\Users\hzxy\PycharmProjects\py_auto_demo\logs\info.log:conftest.py:96 执行异常用例数:1
%(levelname)-8s2022-01-05 11:42:21,147 C:\Users\hzxy\PycharmProjects\py_auto_demo\logs\info.log:conftest.py:98 执行跳过用例数:0
%(levelname)-8s2022-01-05 11:42:21,147 C:\Users\hzxy\PycharmProjects\py_auto_demo\logs\info.log:conftest.py:100 执行成功率: 成功率：50.00%
%(levelname)-8s2022-01-05 11:44:05,990 C:\Users\hzxy\PycharmProjects\py_auto_demo\logs\info.log:logDecorator.py:25 
=================================================================================
测试标题: 测试接口
请求方式: POST
请求头:   {'Content-Type': 'application/json;charset=UTF-8'}
请求路径: https://redisdatarecall.csdn.net/recommend/get_head_word
请求内容: {'requestType': 'params', 'bid': 'blog-121903028'}
接口响应内容: {'status': 200, 'msg': '查询成功', 'content': ['pytest', 'gitee', 'yaml', 'api', 'jenkins', 'sdn'], 'error': False}
数据库断言数据: {'sql': None}
函数名称: _DoRequest
=================================================================================
%(levelname)-8s2022-01-05 11:44:05,991 C:\Users\hzxy\PycharmProjects\py_auto_demo\logs\info.log:assertControl.py:67 断言成功, 预期值:200, 断言类型==, 实际值200
%(levelname)-8s2022-01-05 11:44:05,994 C:\Users\hzxy\PycharmProjects\py_auto_demo\logs\info.log:conftest.py:91 执行用例总数: 2
%(levelname)-8s2022-01-05 11:44:05,994 C:\Users\hzxy\PycharmProjects\py_auto_demo\logs\info.log:conftest.py:92 执行通过用例数:1
%(levelname)-8s2022-01-05 11:44:05,995 C:\Users\hzxy\PycharmProjects\py_auto_demo\logs\info.log:conftest.py:96 执行异常用例数:1
%(levelname)-8s2022-01-05 11:44:05,995 C:\Users\hzxy\PycharmProjects\py_auto_demo\logs\info.log:conftest.py:98 执行跳过用例数:0
%(levelname)-8s2022-01-05 11:44:05,995 C:\Users\hzxy\PycharmProjects\py_auto_demo\logs\info.log:conftest.py:100 执行成功率: 成功率：50.00%
%(levelname)-8s2022-01-05 11:44:21,429 C:\Users\hzxy\PycharmProjects\py_auto_demo\logs\info.log:logDecorator.py:25 
=================================================================================
测试标题: 测试接口
请求方式: POST
请求头:   {'Content-Type': 'application/json;charset=UTF-8'}
请求路径: https://redisdatarecall.csdn.net/recommend/get_head_word
请求内容: {'requestType': 'params', 'bid': 'blog-121903028'}
接口响应内容: {'status': 200, 'msg': '查询成功', 'content': ['pytest', 'gitee', 'yaml', 'api', 'jenkins', 'sdn'], 'error': False}
数据库断言数据: {'sql': None}
函数名称: _DoRequest
=================================================================================
%(levelname)-8s2022-01-05 11:44:21,430 C:\Users\hzxy\PycharmProjects\py_auto_demo\logs\info.log:assertControl.py:67 断言成功, 预期值:200, 断言类型==, 实际值200
%(levelname)-8s2022-01-05 11:44:21,434 C:\Users\hzxy\PycharmProjects\py_auto_demo\logs\info.log:conftest.py:91 执行用例总数: 2
%(levelname)-8s2022-01-05 11:44:21,434 C:\Users\hzxy\PycharmProjects\py_auto_demo\logs\info.log:conftest.py:92 执行通过用例数:1
%(levelname)-8s2022-01-05 11:44:21,434 C:\Users\hzxy\PycharmProjects\py_auto_demo\logs\info.log:conftest.py:96 执行异常用例数:1
%(levelname)-8s2022-01-05 11:44:21,434 C:\Users\hzxy\PycharmProjects\py_auto_demo\logs\info.log:conftest.py:98 执行跳过用例数:0
%(levelname)-8s2022-01-05 11:44:21,434 C:\Users\hzxy\PycharmProjects\py_auto_demo\logs\info.log:conftest.py:100 执行成功率: 成功率：50.00%
%(levelname)-8s2022-01-05 11:46:44,179 C:\Users\hzxy\PycharmProjects\py_auto_demo\logs\info.log:logDecorator.py:25 
=================================================================================
测试标题: 测试接口
请求方式: POST
请求头:   {'Content-Type': 'application/json;charset=UTF-8'}
请求路径: https://redisdatarecall.csdn.net/recommend/get_head_word
请求内容: {'requestType': 'params', 'bid': 'blog-121903028'}
接口响应内容: {'status': 200, 'msg': '查询成功', 'content': ['pytest', 'gitee', 'yaml', 'api', 'jenkins', 'sdn'], 'error': False}
数据库断言数据: {'sql': None}
函数名称: _DoRequest
=================================================================================
%(levelname)-8s2022-01-05 11:47:29,429 C:\Users\hzxy\PycharmProjects\py_auto_demo\logs\info.log:run.py:19 
                             _    _         _      _____         _
              __ _ _ __ (_)  / \  _   _| |_ __|_   _|__  ___| |_
             / _` | '_ \| | / _ \| | | | __/ _ \| |/ _ \/ __| __|
            | (_| | |_) | |/ ___ \ |_| | || (_) | |  __/\__ \ |_
             \__,_| .__/|_/_/   \_\__,_|\__\___/|_|\___||___/\__|
                  |_|
                  开始执行余少琪的框架项目...
                
%(levelname)-8s2022-01-05 11:48:01,382 C:\Users\hzxy\PycharmProjects\py_auto_demo\logs\info.log:run.py:19 
                             _    _         _      _____         _
              __ _ _ __ (_)  / \  _   _| |_ __|_   _|__  ___| |_
             / _` | '_ \| | / _ \| | | | __/ _ \| |/ _ \/ __| __|
            | (_| | |_) | |/ ___ \ |_| | || (_) | |  __/\__ \ |_
             \__,_| .__/|_/_/   \_\__,_|\__\___/|_|\___||___/\__|
                  |_|
                  开始执行余少琪的框架项目...
                
%(levelname)-8s2022-01-05 11:48:01,944 C:\Users\hzxy\PycharmProjects\py_auto_demo\logs\info.log:conftest.py:91 执行用例总数: 1
%(levelname)-8s2022-01-05 11:48:01,945 C:\Users\hzxy\PycharmProjects\py_auto_demo\logs\info.log:conftest.py:92 执行通过用例数:0
%(levelname)-8s2022-01-05 11:48:01,945 C:\Users\hzxy\PycharmProjects\py_auto_demo\logs\info.log:conftest.py:96 执行异常用例数:0
%(levelname)-8s2022-01-05 11:48:01,945 C:\Users\hzxy\PycharmProjects\py_auto_demo\logs\info.log:conftest.py:98 执行跳过用例数:0
%(levelname)-8s2022-01-05 11:48:01,945 C:\Users\hzxy\PycharmProjects\py_auto_demo\logs\info.log:conftest.py:100 执行成功率: 成功率：0.00%
%(levelname)-8s2022-01-05 11:48:12,826 C:\Users\hzxy\PycharmProjects\py_auto_demo\logs\info.log:run.py:19 
                             _    _         _      _____         _
              __ _ _ __ (_)  / \  _   _| |_ __|_   _|__  ___| |_
             / _` | '_ \| | / _ \| | | | __/ _ \| |/ _ \/ __| __|
            | (_| | |_) | |/ ___ \ |_| | || (_) | |  __/\__ \ |_
             \__,_| .__/|_/_/   \_\__,_|\__\___/|_|\___||___/\__|
                  |_|
                  开始执行余少琪的框架项目...
                
%(levelname)-8s2022-01-05 11:48:13,649 C:\Users\hzxy\PycharmProjects\py_auto_demo\logs\info.log:logDecorator.py:25 
=================================================================================
测试标题: 测试接口
请求方式: POST
请求头:   {'Content-Type': 'application/json;charset=UTF-8'}
请求路径: https://redisdatarecall.csdn.net/recommend/get_head_word
请求内容: {'requestType': 'params', 'bid': 'blog-121903028'}
接口响应内容: {'status': 200, 'msg': '查询成功', 'content': ['pytest', 'gitee', 'yaml', 'api', 'jenkins', 'sdn'], 'error': False}
数据库断言数据: {'sql': None}
函数名称: _DoRequest
=================================================================================
%(levelname)-8s2022-01-05 11:48:13,649 C:\Users\hzxy\PycharmProjects\py_auto_demo\logs\info.log:assertControl.py:67 断言成功, 预期值:200, 断言类型==, 实际值200
%(levelname)-8s2022-01-05 11:48:13,657 C:\Users\hzxy\PycharmProjects\py_auto_demo\logs\info.log:conftest.py:91 执行用例总数: 1
%(levelname)-8s2022-01-05 11:48:13,658 C:\Users\hzxy\PycharmProjects\py_auto_demo\logs\info.log:conftest.py:92 执行通过用例数:1
%(levelname)-8s2022-01-05 11:48:13,659 C:\Users\hzxy\PycharmProjects\py_auto_demo\logs\info.log:conftest.py:96 执行异常用例数:0
%(levelname)-8s2022-01-05 11:48:13,659 C:\Users\hzxy\PycharmProjects\py_auto_demo\logs\info.log:conftest.py:98 执行跳过用例数:0
%(levelname)-8s2022-01-05 11:48:13,659 C:\Users\hzxy\PycharmProjects\py_auto_demo\logs\info.log:conftest.py:100 执行成功率: 成功率：100.00%
%(levelname)-8s2022-01-05 14:24:12,117 C:\Users\hzxy\PycharmProjects\py_auto_demo\logs\info.log:logDecorator.py:25 
=================================================================================
测试标题: 测试接口
请求方式: POST
请求头:   {'Content-Type': 'application/json;charset=UTF-8'}
请求路径: https://redisdatarecall.csdn.net/recommend/get_head_word
请求内容: {'requestType': 'params', 'bid': 'blog-121903028'}
接口响应内容: {'status': 200, 'msg': '查询成功', 'content': ['pytest', 'gitee', 'yaml', 'api', 'jenkins', 'sdn'], 'error': False}
数据库断言数据: {'sql': None}
函数名称: _DoRequest
=================================================================================
%(levelname)-8s2022-01-05 14:24:48,833 C:\Users\hzxy\PycharmProjects\py_auto_demo\logs\info.log:logDecorator.py:25 
=================================================================================
测试标题: 测试接口
请求方式: POST
请求头:   {'Content-Type': 'application/json;charset=UTF-8'}
请求路径: https://redisdatarecall.csdn.net/recommend/get_head_word
请求内容: {'requestType': 'params', 'bid': 'blog-121903028'}
接口响应内容: {'status': 200, 'msg': '查询成功', 'content': ['pytest', 'gitee', 'yaml', 'api', 'jenkins', 'sdn'], 'error': False}
数据库断言数据: {'sql': None}
函数名称: _DoRequest
=================================================================================
%(levelname)-8s2022-01-05 14:25:09,237 C:\Users\hzxy\PycharmProjects\py_auto_demo\logs\info.log:logDecorator.py:25 
=================================================================================
测试标题: 测试接口
请求方式: POST
请求头:   {'Content-Type': 'application/json;charset=UTF-8'}
请求路径: https://redisdatarecall.csdn.net/recommend/get_head_word
请求内容: {'requestType': 'params', 'bid': 'blog-121903028'}
接口响应内容: {'status': 200, 'msg': '查询成功', 'content': ['pytest', 'gitee', 'yaml', 'api', 'jenkins', 'sdn'], 'error': False}
数据库断言数据: {'sql': None}
函数名称: _DoRequest
=================================================================================
%(levelname)-8s2022-01-05 14:29:07,746 C:\Users\hzxy\PycharmProjects\py_auto_demo\logs\info.log:logDecorator.py:25 
=================================================================================
测试标题: 测试接口
请求方式: POST
请求头:   {'Content-Type': 'application/json;charset=UTF-8'}
请求路径: https://redisdatarecall.csdn.net/recommend/get_head_word
请求内容: {'requestType': 'params', 'bid': 'blog-121903028'}
接口响应内容: {'status': 200, 'msg': '查询成功', 'content': ['pytest', 'gitee', 'yaml', 'api', 'jenkins', 'sdn'], 'error': False}
数据库断言数据: {'sql': None}
函数名称: _DoRequest
=================================================================================
%(levelname)-8s2022-01-05 14:29:22,328 C:\Users\hzxy\PycharmProjects\py_auto_demo\logs\info.log:logDecorator.py:25 
=================================================================================
测试标题: 测试接口
请求方式: POST
请求头:   {'Content-Type': 'application/json;charset=UTF-8'}
请求路径: https://redisdatarecall.csdn.net/recommend/get_head_word
请求内容: {'requestType': 'params', 'bid': 'blog-121903028'}
接口响应内容: {'status': 200, 'msg': '查询成功', 'content': ['pytest', 'gitee', 'yaml', 'api', 'jenkins', 'sdn'], 'error': False}
数据库断言数据: {'sql': None}
函数名称: _DoRequest
=================================================================================
%(levelname)-8s2022-01-05 14:29:22,328 C:\Users\hzxy\PycharmProjects\py_auto_demo\logs\info.log:assertControl.py:67 断言成功, 预期值:200, 断言类型==, 实际值200
%(levelname)-8s2022-01-05 14:29:22,332 C:\Users\hzxy\PycharmProjects\py_auto_demo\logs\info.log:conftest.py:91 执行用例总数: 1
%(levelname)-8s2022-01-05 14:29:22,332 C:\Users\hzxy\PycharmProjects\py_auto_demo\logs\info.log:conftest.py:92 执行通过用例数:1
%(levelname)-8s2022-01-05 14:29:22,333 C:\Users\hzxy\PycharmProjects\py_auto_demo\logs\info.log:conftest.py:96 执行异常用例数:0
%(levelname)-8s2022-01-05 14:29:22,333 C:\Users\hzxy\PycharmProjects\py_auto_demo\logs\info.log:conftest.py:98 执行跳过用例数:0
%(levelname)-8s2022-01-05 14:29:22,333 C:\Users\hzxy\PycharmProjects\py_auto_demo\logs\info.log:conftest.py:100 执行成功率: 成功率：100.00%
%(levelname)-8s2022-01-05 14:29:28,277 C:\Users\hzxy\PycharmProjects\py_auto_demo\logs\info.log:run.py:19 
                             _    _         _      _____         _
              __ _ _ __ (_)  / \  _   _| |_ __|_   _|__  ___| |_
             / _` | '_ \| | / _ \| | | | __/ _ \| |/ _ \/ __| __|
            | (_| | |_) | |/ ___ \ |_| | || (_) | |  __/\__ \ |_
             \__,_| .__/|_/_/   \_\__,_|\__\___/|_|\___||___/\__|
                  |_|
                  开始执行余少琪的框架项目...
                
%(levelname)-8s2022-01-05 14:29:29,336 C:\Users\hzxy\PycharmProjects\py_auto_demo\logs\info.log:logDecorator.py:25 
=================================================================================
测试标题: 测试接口
请求方式: POST
请求头:   {'Content-Type': 'application/json;charset=UTF-8'}
请求路径: https://redisdatarecall.csdn.net/recommend/get_head_word
请求内容: {'requestType': 'params', 'bid': 'blog-121903028'}
接口响应内容: {'status': 200, 'msg': '查询成功', 'content': ['pytest', 'gitee', 'yaml', 'api', 'jenkins', 'sdn'], 'error': False}
数据库断言数据: {'sql': None}
函数名称: _DoRequest
=================================================================================
%(levelname)-8s2022-01-05 14:29:29,337 C:\Users\hzxy\PycharmProjects\py_auto_demo\logs\info.log:assertControl.py:67 断言成功, 预期值:200, 断言类型==, 实际值200
%(levelname)-8s2022-01-05 14:29:29,345 C:\Users\hzxy\PycharmProjects\py_auto_demo\logs\info.log:conftest.py:91 执行用例总数: 1
%(levelname)-8s2022-01-05 14:29:29,345 C:\Users\hzxy\PycharmProjects\py_auto_demo\logs\info.log:conftest.py:92 执行通过用例数:1
%(levelname)-8s2022-01-05 14:29:29,346 C:\Users\hzxy\PycharmProjects\py_auto_demo\logs\info.log:conftest.py:96 执行异常用例数:0
%(levelname)-8s2022-01-05 14:29:29,346 C:\Users\hzxy\PycharmProjects\py_auto_demo\logs\info.log:conftest.py:98 执行跳过用例数:0
%(levelname)-8s2022-01-05 14:29:29,346 C:\Users\hzxy\PycharmProjects\py_auto_demo\logs\info.log:conftest.py:100 执行成功率: 成功率：100.00%
%(levelname)-8s2022-01-05 14:41:09,429 C:\Users\hzxy\PycharmProjects\py_auto_demo\logs\info.log:logDecorator.py:25 
=================================================================================
测试标题: 测试接口
请求方式: POST
请求头:   {'Content-Type': 'application/json;charset=UTF-8'}
请求路径: https://redisdatarecall.csdn.net/recommend/get_head_word
请求内容: {'requestType': 'params', 'bid': 'blog-121903028'}
接口响应内容: {'status': 200, 'msg': '查询成功', 'content': ['pytest', 'gitee', 'yaml', 'api', 'jenkins', 'sdn'], 'error': False}
数据库断言数据: {'sql': None}
函数名称: _DoRequest
=================================================================================
%(levelname)-8s2022-01-05 14:41:23,203 C:\Users\hzxy\PycharmProjects\py_auto_demo\logs\info.log:run.py:19 
                             _    _         _      _____         _
              __ _ _ __ (_)  / \  _   _| |_ __|_   _|__  ___| |_
             / _` | '_ \| | / _ \| | | | __/ _ \| |/ _ \/ __| __|
            | (_| | |_) | |/ ___ \ |_| | || (_) | |  __/\__ \ |_
             \__,_| .__/|_/_/   \_\__,_|\__\___/|_|\___||___/\__|
                  |_|
                  开始执行余少琪的框架项目...
                
%(levelname)-8s2022-01-05 14:41:23,811 C:\Users\hzxy\PycharmProjects\py_auto_demo\logs\info.log:logDecorator.py:25 
=================================================================================
测试标题: 测试接口
请求方式: POST
请求头:   {'Content-Type': 'application/json;charset=UTF-8'}
请求路径: https://redisdatarecall.csdn.net/recommend/get_head_word
请求内容: {'requestType': 'params', 'bid': 'blog-121903028'}
接口响应内容: {'status': 200, 'msg': '查询成功', 'content': ['pytest', 'gitee', 'yaml', 'api', 'jenkins', 'sdn'], 'error': False}
数据库断言数据: {'sql': None}
函数名称: _DoRequest
=================================================================================
%(levelname)-8s2022-01-05 14:41:23,812 C:\Users\hzxy\PycharmProjects\py_auto_demo\logs\info.log:assertControl.py:67 断言成功, 预期值:200, 断言类型==, 实际值200
%(levelname)-8s2022-01-05 14:41:23,820 C:\Users\hzxy\PycharmProjects\py_auto_demo\logs\info.log:conftest.py:91 执行用例总数: 1
%(levelname)-8s2022-01-05 14:41:23,821 C:\Users\hzxy\PycharmProjects\py_auto_demo\logs\info.log:conftest.py:92 执行通过用例数:1
%(levelname)-8s2022-01-05 14:41:23,821 C:\Users\hzxy\PycharmProjects\py_auto_demo\logs\info.log:conftest.py:96 执行异常用例数:0
%(levelname)-8s2022-01-05 14:41:23,822 C:\Users\hzxy\PycharmProjects\py_auto_demo\logs\info.log:conftest.py:98 执行跳过用例数:0
%(levelname)-8s2022-01-05 14:41:23,822 C:\Users\hzxy\PycharmProjects\py_auto_demo\logs\info.log:conftest.py:100 执行成功率: 成功率：100.00%
